<?xml version="1.0" encoding="UTF-8"?>
<testng-results ignored="0" total="3" passed="1" failed="1" skipped="1">
  <reporter-output>
  </reporter-output>
  <suite started-at="2025-11-25T15:46:33 IST" name="Default suite" finished-at="2025-11-25T15:48:02 IST" duration-ms="89234">
    <groups>
    </groups>
    <test started-at="2025-11-25T15:46:33 IST" name="Default test" finished-at="2025-11-25T15:48:02 IST" duration-ms="89234">
      <class name="tests.ProfileTest">
        <test-method is-config="true" signature="logincredentials()[pri:0, instance:tests.ProfileTest@4f1bfe23]" started-at="2025-11-25T15:46:33 IST" name="logincredentials" finished-at="2025-11-25T15:46:33 IST" duration-ms="11" status="PASS">
          <reporter-output>
          </reporter-output>
        </test-method> <!-- logincredentials -->
        <test-method is-config="true" signature="setUp()[pri:0, instance:tests.ProfileTest@4f1bfe23]" started-at="2025-11-25T15:46:33 IST" name="setUp" finished-at="2025-11-25T15:47:17 IST" duration-ms="43732" status="PASS">
          <reporter-output>
          </reporter-output>
        </test-method> <!-- setUp -->
        <test-method is-config="true" signature="setupPages()[pri:0, instance:tests.ProfileTest@4f1bfe23]" started-at="2025-11-25T15:47:17 IST" name="setupPages" finished-at="2025-11-25T15:47:17 IST" duration-ms="1" status="PASS">
          <reporter-output>
          </reporter-output>
        </test-method> <!-- setupPages -->
        <test-method is-config="true" signature="resetAppBeforeTest()[pri:0, instance:tests.ProfileTest@4f1bfe23]" started-at="2025-11-25T15:47:17 IST" name="resetAppBeforeTest" finished-at="2025-11-25T15:47:21 IST" duration-ms="4041" status="PASS">
          <reporter-output>
          </reporter-output>
        </test-method> <!-- resetAppBeforeTest -->
        <test-method signature="openProfilePage()[pri:1, instance:tests.ProfileTest@4f1bfe23]" started-at="2025-11-25T15:47:21 IST" name="openProfilePage" finished-at="2025-11-25T15:47:26 IST" duration-ms="5227" status="PASS">
          <reporter-output>
          </reporter-output>
        </test-method> <!-- openProfilePage -->
        <test-method is-config="true" signature="resetAppBeforeTest()[pri:0, instance:tests.ProfileTest@4f1bfe23]" started-at="2025-11-25T15:47:26 IST" name="resetAppBeforeTest" finished-at="2025-11-25T15:47:30 IST" duration-ms="4073" status="PASS">
          <reporter-output>
          </reporter-output>
        </test-method> <!-- resetAppBeforeTest -->
        <test-method signature="visualVerificationOfProfileScreen()[pri:2, instance:tests.ProfileTest@4f1bfe23]" started-at="2025-11-25T15:47:30 IST" name="visualVerificationOfProfileScreen" finished-at="2025-11-25T15:48:01 IST" depends-on-methods="tests.ProfileTest.openProfilePage" duration-ms="30660" status="FAIL">
          <exception class="org.openqa.selenium.TimeoutException">
            <message>
              <![CDATA[Expected condition failed: waiting for visibility of element located by By.xpath: //android.widget.TextView[@text='Sharat'] (tried for 30 second(s) with 500 milliseconds interval)
Build info: version: '4.13.0', revision: 'ba948ece5b*'
System info: os.name: 'Linux', os.arch: 'amd64', os.version: '6.14.0-33-generic', java.version: '21.0.8'
Driver info: io.appium.java_client.android.AndroidDriver
Capabilities {appium:appActivity: com.dpdzero.pathfinder.Main..., appium:appPackage: com.dpdzero.pathfinder, appium:automationName: uiautomator2, appium:browserstack.key: sscrktvgax2fpxkjvud4, appium:browserstack.user: harishrhinchiger_iv5xsb, appium:build: logintest build_20251125_15..., appium:bundleID: com.dpdzero.pathfinder, appium:bundleId: com.dpdzero.pathfinder, appium:chromedriverPorts: [[18144, 18154]], appium:databaseEnabled: false, appium:desired: {appActivity: com.dpdzero.pathfinder.Main..., appPackage: com.dpdzero.pathfinder, automationName: uiautomator2, browserstack.key: sscrktvgax2fpxkjvud4, browserstack.user: harishrhinchiger_iv5xsb, bstack:options: {accessKey: SSCrktvGAx2FpXkjVud4, userName: harishrhinchiger_iV5XSb}, build: logintest build_20251125_15..., bundleID: com.dpdzero.pathfinder, bundleId: com.dpdzero.pathfinder, chromedriverPorts: [[18144, 18154]], deviceName: samsung galaxy s25, disableSuppressAccessibilityService: true, goog:chromeOptions: {}, name: logintest_20251125_154633, nativeWebScreenshot: true, newCommandTimeout: 0, platformName: Android, platformVersion: 15.0, project: appium test project, skipServerInstallation: true, systemPort: 8204, udid: RZCY82GQ10V}, appium:deviceApiLevel: 35, appium:deviceManufacturer: samsung, appium:deviceModel: SM-S931B, appium:deviceName: RZCY82GQ10V, appium:deviceScreenDensity: 480, appium:deviceScreenSize: 1080x2340, appium:deviceUDID: RZCY82GQ10V, appium:disableSuppressAccessibilityService: true, appium:javascriptEnabled: true, appium:locationContextEnabled: false, appium:name: logintest_20251125_154633, appium:nativeWebScreenshot: true, appium:networkConnectionEnabled: true, appium:newCommandTimeout: 0, appium:pixelRatio: 3, appium:platformVersion: 15, appium:project: appium test project, appium:skipServerInstallation: true, appium:statBarHeight: 91, appium:systemPort: 8204, appium:takesScreenshot: true, appium:udid: RZCY82GQ10V, appium:viewportRect: {height: 2249, left: 0, top: 91, width: 1080}, appium:warnings: {}, appium:webStorageEnabled: false, bstack:options: {accessKey: SSCrktvGAx2FpXkjVud4, userName: harishrhinchiger_iV5XSb}, goog:chromeOptions: {}, platformName: ANDROID}
Session ID: 99031891013c852a5d08adef6d1ad4fab30191a5]]>
            </message>
            <full-stacktrace>
              <![CDATA[org.openqa.selenium.TimeoutException: Expected condition failed: waiting for visibility of element located by By.xpath: //android.widget.TextView[@text='Sharat'] (tried for 30 second(s) with 500 milliseconds interval)
Build info: version: '4.13.0', revision: 'ba948ece5b*'
System info: os.name: 'Linux', os.arch: 'amd64', os.version: '6.14.0-33-generic', java.version: '21.0.8'
Driver info: io.appium.java_client.android.AndroidDriver
Capabilities {appium:appActivity: com.dpdzero.pathfinder.Main..., appium:appPackage: com.dpdzero.pathfinder, appium:automationName: uiautomator2, appium:browserstack.key: sscrktvgax2fpxkjvud4, appium:browserstack.user: harishrhinchiger_iv5xsb, appium:build: logintest build_20251125_15..., appium:bundleID: com.dpdzero.pathfinder, appium:bundleId: com.dpdzero.pathfinder, appium:chromedriverPorts: [[18144, 18154]], appium:databaseEnabled: false, appium:desired: {appActivity: com.dpdzero.pathfinder.Main..., appPackage: com.dpdzero.pathfinder, automationName: uiautomator2, browserstack.key: sscrktvgax2fpxkjvud4, browserstack.user: harishrhinchiger_iv5xsb, bstack:options: {accessKey: SSCrktvGAx2FpXkjVud4, userName: harishrhinchiger_iV5XSb}, build: logintest build_20251125_15..., bundleID: com.dpdzero.pathfinder, bundleId: com.dpdzero.pathfinder, chromedriverPorts: [[18144, 18154]], deviceName: samsung galaxy s25, disableSuppressAccessibilityService: true, goog:chromeOptions: {}, name: logintest_20251125_154633, nativeWebScreenshot: true, newCommandTimeout: 0, platformName: Android, platformVersion: 15.0, project: appium test project, skipServerInstallation: true, systemPort: 8204, udid: RZCY82GQ10V}, appium:deviceApiLevel: 35, appium:deviceManufacturer: samsung, appium:deviceModel: SM-S931B, appium:deviceName: RZCY82GQ10V, appium:deviceScreenDensity: 480, appium:deviceScreenSize: 1080x2340, appium:deviceUDID: RZCY82GQ10V, appium:disableSuppressAccessibilityService: true, appium:javascriptEnabled: true, appium:locationContextEnabled: false, appium:name: logintest_20251125_154633, appium:nativeWebScreenshot: true, appium:networkConnectionEnabled: true, appium:newCommandTimeout: 0, appium:pixelRatio: 3, appium:platformVersion: 15, appium:project: appium test project, appium:skipServerInstallation: true, appium:statBarHeight: 91, appium:systemPort: 8204, appium:takesScreenshot: true, appium:udid: RZCY82GQ10V, appium:viewportRect: {height: 2249, left: 0, top: 91, width: 1080}, appium:warnings: {}, appium:webStorageEnabled: false, bstack:options: {accessKey: SSCrktvGAx2FpXkjVud4, userName: harishrhinchiger_iV5XSb}, goog:chromeOptions: {}, platformName: ANDROID}
Session ID: 99031891013c852a5d08adef6d1ad4fab30191a5
at org.openqa.selenium.support.ui.WebDriverWait.timeoutException(WebDriverWait.java:84)
at org.openqa.selenium.support.ui.FluentWait.until(FluentWait.java:230)
at helper.Helper.waitForElement(Helper.java:24)
at helper.Helper.isElementvisible(Helper.java:28)
at pages.ProfilePage.isAgentNameVisible(ProfilePage.java:38)
at tests.ProfileTest.visualVerificationOfProfileScreen(ProfileTest.java:32)
at java.base/jdk.internal.reflect.DirectMethodHandleAccessor.invoke(DirectMethodHandleAccessor.java:103)
at java.base/java.lang.reflect.Method.invoke(Method.java:580)
at org.testng.internal.invokers.MethodInvocationHelper.invokeMethod(MethodInvocationHelper.java:139)
at org.testng.internal.invokers.TestInvoker.invokeMethod(TestInvoker.java:664)
at org.testng.internal.invokers.TestInvoker.invokeTestMethod(TestInvoker.java:227)
at org.testng.internal.invokers.MethodRunner.runInSequence(MethodRunner.java:50)
at org.testng.internal.invokers.TestInvoker$MethodInvocationAgent.invoke(TestInvoker.java:957)
at org.testng.internal.invokers.TestInvoker.invokeTestMethods(TestInvoker.java:200)
at org.testng.internal.invokers.TestMethodWorker.invokeTestMethods(TestMethodWorker.java:148)
at org.testng.internal.invokers.TestMethodWorker.run(TestMethodWorker.java:128)
at java.base/java.util.ArrayList.forEach(ArrayList.java:1596)
at org.testng.TestRunner.privateRun(TestRunner.java:848)
at org.testng.TestRunner.run(TestRunner.java:621)
at org.testng.SuiteRunner.runTest(SuiteRunner.java:443)
at org.testng.SuiteRunner.runSequentially(SuiteRunner.java:437)
at org.testng.SuiteRunner.privateRun(SuiteRunner.java:397)
at org.testng.SuiteRunner.run(SuiteRunner.java:336)
at org.testng.SuiteRunnerWorker.runSuite(SuiteRunnerWorker.java:52)
at org.testng.SuiteRunnerWorker.run(SuiteRunnerWorker.java:95)
at org.testng.TestNG.runSuitesSequentially(TestNG.java:1280)
at org.testng.TestNG.runSuitesLocally(TestNG.java:1200)
at org.testng.TestNG.runSuites(TestNG.java:1114)
at org.testng.TestNG.run(TestNG.java:1082)
at org.testng.remote.AbstractRemoteTestNG.run(AbstractRemoteTestNG.java:115)
at org.testng.remote.RemoteTestNG.initAndRun(RemoteTestNG.java:293)
at org.testng.remote.RemoteTestNG.main(RemoteTestNG.java:91)
]]>
            </full-stacktrace>
          </exception> <!-- org.openqa.selenium.TimeoutException -->
          <reporter-output>
          </reporter-output>
        </test-method> <!-- visualVerificationOfProfileScreen -->
        <test-method signature="functionalityTestProfileLogout()[pri:3, instance:tests.ProfileTest@4f1bfe23]" started-at="2025-11-25T15:48:01 IST" name="functionalityTestProfileLogout" finished-at="2025-11-25T15:48:01 IST" depends-on-methods="tests.ProfileTest.visualVerificationOfProfileScreen" duration-ms="0" status="SKIP">
          <exception class="java.lang.Throwable">
            <message>
              <![CDATA[Method tests.ProfileTest.functionalityTestProfileLogout() on instance tests.ProfileTest@4f1bfe23 depends on not successfully finished methods 
[tests.ProfileTest.visualVerificationOfProfileScreen() on instance tests.ProfileTest@4f1bfe23]]]>
            </message>
            <full-stacktrace>
              <![CDATA[java.lang.Throwable: Method tests.ProfileTest.functionalityTestProfileLogout() on instance tests.ProfileTest@4f1bfe23 depends on not successfully finished methods 
[tests.ProfileTest.visualVerificationOfProfileScreen() on instance tests.ProfileTest@4f1bfe23]
at org.testng.internal.invokers.TestInvoker.invokeTestMethods(TestInvoker.java:156)
at org.testng.internal.invokers.TestMethodWorker.invokeTestMethods(TestMethodWorker.java:148)
at org.testng.internal.invokers.TestMethodWorker.run(TestMethodWorker.java:128)
at java.base/java.util.ArrayList.forEach(ArrayList.java:1596)
at org.testng.TestRunner.privateRun(TestRunner.java:848)
at org.testng.TestRunner.run(TestRunner.java:621)
at org.testng.SuiteRunner.runTest(SuiteRunner.java:443)
at org.testng.SuiteRunner.runSequentially(SuiteRunner.java:437)
at org.testng.SuiteRunner.privateRun(SuiteRunner.java:397)
at org.testng.SuiteRunner.run(SuiteRunner.java:336)
at org.testng.SuiteRunnerWorker.runSuite(SuiteRunnerWorker.java:52)
at org.testng.SuiteRunnerWorker.run(SuiteRunnerWorker.java:95)
at org.testng.TestNG.runSuitesSequentially(TestNG.java:1280)
at org.testng.TestNG.runSuitesLocally(TestNG.java:1200)
at org.testng.TestNG.runSuites(TestNG.java:1114)
at org.testng.TestNG.run(TestNG.java:1082)
at org.testng.remote.AbstractRemoteTestNG.run(AbstractRemoteTestNG.java:115)
at org.testng.remote.RemoteTestNG.initAndRun(RemoteTestNG.java:293)
at org.testng.remote.RemoteTestNG.main(RemoteTestNG.java:91)
]]>
            </full-stacktrace>
          </exception> <!-- java.lang.Throwable -->
          <reporter-output>
          </reporter-output>
        </test-method> <!-- functionalityTestProfileLogout -->
        <test-method is-config="true" signature="tearDown()[pri:0, instance:tests.ProfileTest@4f1bfe23]" started-at="2025-11-25T15:48:01 IST" name="tearDown" finished-at="2025-11-25T15:48:02 IST" duration-ms="1437" status="PASS">
          <reporter-output>
          </reporter-output>
        </test-method> <!-- tearDown -->
      </class> <!-- tests.ProfileTest -->
    </test> <!-- Default test -->
  </suite> <!-- Default suite -->
</testng-results>
