<?xml version="1.0" encoding="UTF-8"?>
<!-- Generated by org.testng.reporters.JUnitReportReporter -->
<testsuite hostname="dpdzero-HP-EliteBook-830-G7-Notebook-PC" failures="0" tests="3" name="tests.ProfileTest" time="44.001" errors="1" timestamp="2025-11-25T15:48:02 IST" skipped="1">
  <testcase classname="tests.ProfileTest" name="openProfilePage" time="9.268"/>
  <testcase classname="tests.ProfileTest" name="visualVerificationOfProfileScreen" time="34.733">
    <error message="Expected condition failed: waiting for visibility of element located by By.xpath: //android.widget.TextView[@text=&#039;Sharat&#039;] (tried for 30 second(s) with 500 milliseconds interval)
Build info: version: &#039;4.13.0&#039;, revision: &#039;ba948ece5b*&#039;
System info: os.name: &#039;Linux&#039;, os.arch: &#039;amd64&#039;, os.version: &#039;6.14.0-33-generic&#039;, java.version: &#039;21.0.8&#039;
Driver info: io.appium.java_client.android.AndroidDriver
Capabilities {appium:appActivity: com.dpdzero.pathfinder.Main..., appium:appPackage: com.dpdzero.pathfinder, appium:automationName: uiautomator2, appium:browserstack.key: sscrktvgax2fpxkjvud4, appium:browserstack.user: harishrhinchiger_iv5xsb, appium:build: logintest build_20251125_15..., appium:bundleID: com.dpdzero.pathfinder, appium:bundleId: com.dpdzero.pathfinder, appium:chromedriverPorts: [[18144, 18154]], appium:databaseEnabled: false, appium:desired: {appActivity: com.dpdzero.pathfinder.Main..., appPackage: com.dpdzero.pathfinder, automationName: uiautomator2, browserstack.key: sscrktvgax2fpxkjvud4, browserstack.user: harishrhinchiger_iv5xsb, bstack:options: {accessKey: SSCrktvGAx2FpXkjVud4, userName: harishrhinchiger_iV5XSb}, build: logintest build_20251125_15..., bundleID: com.dpdzero.pathfinder, bundleId: com.dpdzero.pathfinder, chromedriverPorts: [[18144, 18154]], deviceName: samsung galaxy s25, disableSuppressAccessibilityService: true, goog:chromeOptions: {}, name: logintest_20251125_154633, nativeWebScreenshot: true, newCommandTimeout: 0, platformName: Android, platformVersion: 15.0, project: appium test project, skipServerInstallation: true, systemPort: 8204, udid: RZCY82GQ10V}, appium:deviceApiLevel: 35, appium:deviceManufacturer: samsung, appium:deviceModel: SM-S931B, appium:deviceName: RZCY82GQ10V, appium:deviceScreenDensity: 480, appium:deviceScreenSize: 1080x2340, appium:deviceUDID: RZCY82GQ10V, appium:disableSuppressAccessibilityService: true, appium:javascriptEnabled: true, appium:locationContextEnabled: false, appium:name: logintest_20251125_154633, appium:nativeWebScreenshot: true, appium:networkConnectionEnabled: true, appium:newCommandTimeout: 0, appium:pixelRatio: 3, appium:platformVersion: 15, appium:project: appium test project, appium:skipServerInstallation: true, appium:statBarHeight: 91, appium:systemPort: 8204, appium:takesScreenshot: true, appium:udid: RZCY82GQ10V, appium:viewportRect: {height: 2249, left: 0, top: 91, width: 1080}, appium:warnings: {}, appium:webStorageEnabled: false, bstack:options: {accessKey: SSCrktvGAx2FpXkjVud4, userName: harishrhinchiger_iV5XSb}, goog:chromeOptions: {}, platformName: ANDROID}
Session ID: 99031891013c852a5d08adef6d1ad4fab30191a5" type="org.openqa.selenium.TimeoutException">
      <![CDATA[org.openqa.selenium.TimeoutException: Expected condition failed: waiting for visibility of element located by By.xpath: //android.widget.TextView[@text='Sharat'] (tried for 30 second(s) with 500 milliseconds interval)
Build info: version: '4.13.0', revision: 'ba948ece5b*'
System info: os.name: 'Linux', os.arch: 'amd64', os.version: '6.14.0-33-generic', java.version: '21.0.8'
Driver info: io.appium.java_client.android.AndroidDriver
Capabilities {appium:appActivity: com.dpdzero.pathfinder.Main..., appium:appPackage: com.dpdzero.pathfinder, appium:automationName: uiautomator2, appium:browserstack.key: sscrktvgax2fpxkjvud4, appium:browserstack.user: harishrhinchiger_iv5xsb, appium:build: logintest build_20251125_15..., appium:bundleID: com.dpdzero.pathfinder, appium:bundleId: com.dpdzero.pathfinder, appium:chromedriverPorts: [[18144, 18154]], appium:databaseEnabled: false, appium:desired: {appActivity: com.dpdzero.pathfinder.Main..., appPackage: com.dpdzero.pathfinder, automationName: uiautomator2, browserstack.key: sscrktvgax2fpxkjvud4, browserstack.user: harishrhinchiger_iv5xsb, bstack:options: {accessKey: SSCrktvGAx2FpXkjVud4, userName: harishrhinchiger_iV5XSb}, build: logintest build_20251125_15..., bundleID: com.dpdzero.pathfinder, bundleId: com.dpdzero.pathfinder, chromedriverPorts: [[18144, 18154]], deviceName: samsung galaxy s25, disableSuppressAccessibilityService: true, goog:chromeOptions: {}, name: logintest_20251125_154633, nativeWebScreenshot: true, newCommandTimeout: 0, platformName: Android, platformVersion: 15.0, project: appium test project, skipServerInstallation: true, systemPort: 8204, udid: RZCY82GQ10V}, appium:deviceApiLevel: 35, appium:deviceManufacturer: samsung, appium:deviceModel: SM-S931B, appium:deviceName: RZCY82GQ10V, appium:deviceScreenDensity: 480, appium:deviceScreenSize: 1080x2340, appium:deviceUDID: RZCY82GQ10V, appium:disableSuppressAccessibilityService: true, appium:javascriptEnabled: true, appium:locationContextEnabled: false, appium:name: logintest_20251125_154633, appium:nativeWebScreenshot: true, appium:networkConnectionEnabled: true, appium:newCommandTimeout: 0, appium:pixelRatio: 3, appium:platformVersion: 15, appium:project: appium test project, appium:skipServerInstallation: true, appium:statBarHeight: 91, appium:systemPort: 8204, appium:takesScreenshot: true, appium:udid: RZCY82GQ10V, appium:viewportRect: {height: 2249, left: 0, top: 91, width: 1080}, appium:warnings: {}, appium:webStorageEnabled: false, bstack:options: {accessKey: SSCrktvGAx2FpXkjVud4, userName: harishrhinchiger_iV5XSb}, goog:chromeOptions: {}, platformName: ANDROID}
Session ID: 99031891013c852a5d08adef6d1ad4fab30191a5
at org.openqa.selenium.support.ui.WebDriverWait.timeoutException(WebDriverWait.java:84)
at org.openqa.selenium.support.ui.FluentWait.until(FluentWait.java:230)
at helper.Helper.waitForElement(Helper.java:24)
at helper.Helper.isElementvisible(Helper.java:28)
at pages.ProfilePage.isAgentNameVisible(ProfilePage.java:38)
at tests.ProfileTest.visualVerificationOfProfileScreen(ProfileTest.java:32)
at java.base/jdk.internal.reflect.DirectMethodHandleAccessor.invoke(DirectMethodHandleAccessor.java:103)
at java.base/java.lang.reflect.Method.invoke(Method.java:580)
at org.testng.internal.invokers.MethodInvocationHelper.invokeMethod(MethodInvocationHelper.java:139)
at org.testng.internal.invokers.TestInvoker.invokeMethod(TestInvoker.java:664)
at org.testng.internal.invokers.TestInvoker.invokeTestMethod(TestInvoker.java:227)
at org.testng.internal.invokers.MethodRunner.runInSequence(MethodRunner.java:50)
at org.testng.internal.invokers.TestInvoker$MethodInvocationAgent.invoke(TestInvoker.java:957)
at org.testng.internal.invokers.TestInvoker.invokeTestMethods(TestInvoker.java:200)
at org.testng.internal.invokers.TestMethodWorker.invokeTestMethods(TestMethodWorker.java:148)
at org.testng.internal.invokers.TestMethodWorker.run(TestMethodWorker.java:128)
at java.base/java.util.ArrayList.forEach(ArrayList.java:1596)
at org.testng.TestRunner.privateRun(TestRunner.java:848)
at org.testng.TestRunner.run(TestRunner.java:621)
at org.testng.SuiteRunner.runTest(SuiteRunner.java:443)
at org.testng.SuiteRunner.runSequentially(SuiteRunner.java:437)
at org.testng.SuiteRunner.privateRun(SuiteRunner.java:397)
at org.testng.SuiteRunner.run(SuiteRunner.java:336)
at org.testng.SuiteRunnerWorker.runSuite(SuiteRunnerWorker.java:52)
at org.testng.SuiteRunnerWorker.run(SuiteRunnerWorker.java:95)
at org.testng.TestNG.runSuitesSequentially(TestNG.java:1280)
at org.testng.TestNG.runSuitesLocally(TestNG.java:1200)
at org.testng.TestNG.runSuites(TestNG.java:1114)
at org.testng.TestNG.run(TestNG.java:1082)
at org.testng.remote.AbstractRemoteTestNG.run(AbstractRemoteTestNG.java:115)
at org.testng.remote.RemoteTestNG.initAndRun(RemoteTestNG.java:293)
at org.testng.remote.RemoteTestNG.main(RemoteTestNG.java:91)
]]>
    </error>
  </testcase> <!-- visualVerificationOfProfileScreen -->
  <testcase classname="tests.ProfileTest" name="functionalityTestProfileLogout" time="0.000">
    <skipped/>
  </testcase> <!-- functionalityTestProfileLogout -->
</testsuite> <!-- tests.ProfileTest -->
